[debug] [2024-02-19T10:36:08.393Z] ----------------------------------------------------------------------
[debug] [2024-02-19T10:36:08.395Z] Command:       C:\Program Files\nodejs\node.exe C:\Users\User\AppData\Roaming\npm\node_modules\firebase-tools\lib\bin\firebase.js emulators:start --only functions
[debug] [2024-02-19T10:36:08.395Z] CLI Version:   13.3.0
[debug] [2024-02-19T10:36:08.395Z] Platform:      win32
[debug] [2024-02-19T10:36:08.396Z] Node Version:  v20.10.0
[debug] [2024-02-19T10:36:08.396Z] Time:          Mon Feb 19 2024 02:36:08 GMT-0800 (Pacific Standard Time)
[debug] [2024-02-19T10:36:08.396Z] ----------------------------------------------------------------------
[debug] 
[debug] [2024-02-19T10:36:08.398Z] >>> [apiv2][query] GET https://firebase-public.firebaseio.com/cli.json [none]
[debug] [2024-02-19T10:36:08.511Z] > command requires scopes: ["email","openid","https://www.googleapis.com/auth/cloudplatformprojects.readonly","https://www.googleapis.com/auth/firebase","https://www.googleapis.com/auth/cloud-platform"]
[debug] [2024-02-19T10:36:08.512Z] > authorizing via signed-in user (tsebina38@gmail.com)
[info] i  emulators: Starting emulators: functions {"metadata":{"emulator":{"name":"hub"},"message":"Starting emulators: functions"}}
[debug] [2024-02-19T10:36:08.519Z] [logging] Logging Emulator only supports listening on one address (127.0.0.1). Not listening on ::1
[debug] [2024-02-19T10:36:08.519Z] assigned listening specs for emulators {"user":{"hub":[{"address":"127.0.0.1","family":"IPv4","port":4400},{"address":"::1","family":"IPv6","port":4400}],"ui":[{"address":"127.0.0.1","family":"IPv4","port":4000},{"address":"::1","family":"IPv6","port":4000}],"logging":[{"address":"127.0.0.1","family":"IPv4","port":4500}]},"metadata":{"message":"assigned listening specs for emulators"}}
[warn] !  emulators: It seems that you are running multiple instances of the emulator suite for project clone-7d8bc. This may result in unexpected behavior. 
[debug] [2024-02-19T10:36:08.526Z] [hub] writing locator at C:\Users\User\AppData\Local\Temp\hub-clone-7d8bc.json
[debug] [2024-02-19T10:36:08.539Z] [functions] Functions Emulator only supports listening on one address (127.0.0.1). Not listening on ::1
[debug] [2024-02-19T10:36:08.539Z] [eventarc] Eventarc Emulator only supports listening on one address (127.0.0.1). Not listening on ::1
[debug] [2024-02-19T10:36:08.539Z] late-assigned ports for functions and eventarc emulators {"user":{"hub":[{"address":"127.0.0.1","family":"IPv4","port":4400},{"address":"::1","family":"IPv6","port":4400}],"ui":[{"address":"127.0.0.1","family":"IPv4","port":4000},{"address":"::1","family":"IPv6","port":4000}],"logging":[{"address":"127.0.0.1","family":"IPv4","port":4500}],"functions":[{"address":"127.0.0.1","family":"IPv4","port":5001}],"eventarc":[{"address":"127.0.0.1","family":"IPv4","port":9299}]},"metadata":{"message":"late-assigned ports for functions and eventarc emulators"}}
[warn] !  functions: The following emulators are not running, calls to these services from the Functions emulator will affect production: auth, firestore, database, hosting, pubsub, storage {"metadata":{"emulator":{"name":"functions"},"message":"The following emulators are not running, calls to these services from the Functions emulator will affect production: \u001b[1mauth, firestore, database, hosting, pubsub, storage\u001b[22m"}}
[debug] [2024-02-19T10:36:08.543Z] defaultcredentials: writing to file C:\Users\User\AppData\Roaming\firebase\tsebina38_gmail_com_application_default_credentials.json
[debug] [2024-02-19T10:36:08.546Z] Setting GAC to C:\Users\User\AppData\Roaming\firebase\tsebina38_gmail_com_application_default_credentials.json {"metadata":{"emulator":{"name":"functions"},"message":"Setting GAC to C:\\Users\\User\\AppData\\Roaming\\firebase\\tsebina38_gmail_com_application_default_credentials.json"}}
[debug] [2024-02-19T10:36:08.548Z] > refreshing access token with scopes: []
[debug] [2024-02-19T10:36:08.549Z] >>> [apiv2][query] POST https://www.googleapis.com/oauth2/v3/token [none]
[debug] [2024-02-19T10:36:08.549Z] >>> [apiv2][body] POST https://www.googleapis.com/oauth2/v3/token [omitted]
[debug] [2024-02-19T10:36:09.395Z] <<< [apiv2][status] POST https://www.googleapis.com/oauth2/v3/token 200
[debug] [2024-02-19T10:36:09.395Z] <<< [apiv2][body] POST https://www.googleapis.com/oauth2/v3/token [omitted]
[debug] [2024-02-19T10:36:09.413Z] >>> [apiv2][query] GET https://firebase.googleapis.com/v1beta1/projects/clone-7d8bc/adminSdkConfig [none]
[debug] [2024-02-19T10:36:09.556Z] <<< [apiv2][status] GET https://firebase-public.firebaseio.com/cli.json 200
[debug] [2024-02-19T10:36:09.557Z] <<< [apiv2][body] GET https://firebase-public.firebaseio.com/cli.json {"cloudBuildErrorAfter":1594252800000,"cloudBuildWarnAfter":1590019200000,"defaultNode10After":1594252800000,"minVersion":"3.0.5","node8DeploysDisabledAfter":1613390400000,"node8RuntimeDisabledAfter":1615809600000,"node8WarnAfter":1600128000000}
[debug] [2024-02-19T10:36:10.314Z] <<< [apiv2][status] GET https://firebase.googleapis.com/v1beta1/projects/clone-7d8bc/adminSdkConfig 200
[debug] [2024-02-19T10:36:10.314Z] <<< [apiv2][body] GET https://firebase.googleapis.com/v1beta1/projects/clone-7d8bc/adminSdkConfig {"projectId":"clone-7d8bc","storageBucket":"clone-7d8bc.appspot.com"}
[debug] [2024-02-19T10:36:10.338Z] Ignoring unsupported arg: auto_download {"metadata":{"emulator":{"name":"ui"},"message":"Ignoring unsupported arg: auto_download"}}
[debug] [2024-02-19T10:36:10.339Z] Ignoring unsupported arg: port {"metadata":{"emulator":{"name":"ui"},"message":"Ignoring unsupported arg: port"}}
[debug] [2024-02-19T10:36:10.339Z] Starting Emulator UI with command {"binary":"node","args":["C:\\Users\\User\\.cache\\firebase\\emulators\\ui-v1.11.7\\server\\server.js"],"optionalArgs":[],"joinArgs":false} {"metadata":{"emulator":{"name":"ui"},"message":"Starting Emulator UI with command {\"binary\":\"node\",\"args\":[\"C:\\\\Users\\\\User\\\\.cache\\\\firebase\\\\emulators\\\\ui-v1.11.7\\\\server\\\\server.js\"],\"optionalArgs\":[],\"joinArgs\":false}"}}
[info] i  ui: Emulator UI logging to ui-debug.log {"metadata":{"emulator":{"name":"ui"},"message":"Emulator UI logging to \u001b[1mui-debug.log\u001b[22m"}}
[debug] [2024-02-19T10:36:10.450Z] Web / API server started at 127.0.0.1:4000
 {"metadata":{"emulator":{"name":"ui"},"message":"Web / API server started at 127.0.0.1:4000\n"}}
[debug] [2024-02-19T10:36:10.451Z] Web / API server started at ::1:4000
 {"metadata":{"emulator":{"name":"ui"},"message":"Web / API server started at ::1:4000\n"}}
[info] i  functions: Watching "C:\Users\User\Desktop\Evangadi\Phase_4\Amazon clone 1\amazon-clone\functions" for Cloud Functions... {"metadata":{"emulator":{"name":"functions"},"message":"Watching \"C:\\Users\\User\\Desktop\\Evangadi\\Phase_4\\Amazon clone 1\\amazon-clone\\functions\" for Cloud Functions..."}}
[debug] [2024-02-19T10:36:10.614Z] Validating nodejs source
[debug] [2024-02-19T10:36:12.686Z] > [functions] package.json contents: {
  "name": "functions",
  "description": "Cloud Functions for Firebase",
  "scripts": {
    "serve": "firebase emulators:start --only functions",
    "shell": "firebase functions:shell",
    "start": "npm run shell",
    "deploy": "firebase deploy --only functions",
    "logs": "firebase functions:log"
  },
  "engines": {
    "node": "18"
  },
  "main": "index.js",
  "dependencies": {
    "cors": "^2.8.5",
    "dotenv": "^16.4.4",
    "express": "^4.18.2",
    "firebase-admin": "^11.8.0",
    "firebase-functions": "^4.3.1",
    "stripe": "^14.16.0"
  },
  "devDependencies": {
    "firebase-functions-test": "^3.1.0"
  },
  "private": true
}
[debug] [2024-02-19T10:36:12.686Z] Building nodejs source
[debug] [2024-02-19T10:36:12.686Z] Failed to find version of module node: reached end of search path C:\Users\User\Desktop\Evangadi\Phase_4\Amazon clone 1\amazon-clone\functions\node_modules
[warn] !  functions: Your requested "node" version "18" doesn't match your global version "20". Using node@20 from host. 
[info] i  functions: Loaded environment variables from .env. 
[debug] [2024-02-19T10:36:12.691Z] Could not find functions.yaml. Must use http discovery
[debug] [2024-02-19T10:36:12.697Z] Found firebase-functions binary at 'C:\Users\User\Desktop\Evangadi\Phase_4\Amazon clone 1\amazon-clone\functions\node_modules\.bin\firebase-functions'
[info] Serving at port 8014

[debug] [2024-02-19T10:36:13.463Z] Got response from /__/functions.yaml {"endpoints":{"api":{"availableMemoryMb":null,"timeoutSeconds":null,"minInstances":null,"maxInstances":10,"ingressSettings":null,"concurrency":null,"serviceAccountEmail":null,"vpc":null,"platform":"gcfv2","labels":{},"httpsTrigger":{},"entryPoint":"api"}},"specVersion":"v1alpha1","requiredAPIs":[]}
[info] +  functions: Loaded functions definitions from source: api. {"metadata":{"emulator":{"name":"functions"},"message":"Loaded functions definitions from source: api."}}
[info] +  functions[us-central1-api]: http function initialized (http://127.0.0.1:5001/clone-7d8bc/us-central1/api). {"metadata":{"emulator":{"name":"functions"},"message":"\u001b[1mhttp\u001b[22m function initialized (http://127.0.0.1:5001/clone-7d8bc/us-central1/api)."}}
[info] 
┌─────────────────────────────────────────────────────────────┐
│ ✔  All emulators ready! It is now safe to connect your app. │
│ i  View Emulator UI at http://127.0.0.1:4000/               │
└─────────────────────────────────────────────────────────────┘

┌───────────┬────────────────┬─────────────────────────────────┐
│ Emulator  │ Host:Port      │ View in Emulator UI             │
├───────────┼────────────────┼─────────────────────────────────┤
│ Functions │ 127.0.0.1:5001 │ http://127.0.0.1:4000/functions │
└───────────┴────────────────┴─────────────────────────────────┘
  Emulator Hub running at 127.0.0.1:4400
  Other reserved ports: 4500

Issues? Report them at https://github.com/firebase/firebase-tools/issues and attach the *-debug.log files.
 
[debug] [2024-02-19T10:39:04.523Z] [work-queue] {"queuedWork":["/clone-7d8bc/us-central1/api/payment/create-2024-02-19T10:39:04.523Z"],"queueLength":1,"runningWork":[],"workRunningCount":0}
[debug] [2024-02-19T10:39:04.524Z] [work-queue] {"queuedWork":[],"queueLength":0,"runningWork":["/clone-7d8bc/us-central1/api/payment/create-2024-02-19T10:39:04.523Z"],"workRunningCount":1}
[debug] [2024-02-19T10:39:04.524Z] Accepted request POST /clone-7d8bc/us-central1/api/payment/create?total=7198 --> us-central1-api
[debug] [2024-02-19T10:39:04.527Z] [functions] Runtime ready! Sending request! {"metadata":{"emulator":{"name":"functions"},"message":"[functions] Runtime ready! Sending request!"}}
[debug] [2024-02-19T10:39:04.527Z] [functions] Got req.url=/clone-7d8bc/us-central1/api/payment/create?total=7198, mapping to path=/payment/create?total=7198 {"metadata":{"emulator":{"name":"functions"},"message":"[functions] Got req.url=/clone-7d8bc/us-central1/api/payment/create?total=7198, mapping to path=/payment/create?total=7198"}}
[info] i  functions: Loaded environment variables from .env. 
[debug] [2024-02-19T10:39:04.548Z] [worker-pool] addWorker(us-central1-api) {"metadata":{"emulator":{"name":"functions"},"message":"[worker-pool] addWorker(us-central1-api)"}}
[debug] [2024-02-19T10:39:04.549Z] [worker-pool] Adding worker with key us-central1-api, total=1 {"metadata":{"emulator":{"name":"functions"},"message":"[worker-pool] Adding worker with key us-central1-api, total=1"}}
[debug] [2024-02-19T10:39:06.025Z] [runtime-status] [9428] Resolved module firebase-admin {"declared":true,"installed":true,"version":"11.11.1","resolution":"C:\\Users\\User\\Desktop\\Evangadi\\Phase_4\\Amazon clone 1\\amazon-clone\\functions\\node_modules\\firebase-admin\\lib\\index.js"} {"metadata":{"emulator":{"name":"functions"},"function":{"name":"us-central1-api"},"extension":{},"message":"[runtime-status] [9428] Resolved module firebase-admin {\"declared\":true,\"installed\":true,\"version\":\"11.11.1\",\"resolution\":\"C:\\\\Users\\\\User\\\\Desktop\\\\Evangadi\\\\Phase_4\\\\Amazon clone 1\\\\amazon-clone\\\\functions\\\\node_modules\\\\firebase-admin\\\\lib\\\\index.js\"}"}}
[debug] [2024-02-19T10:39:06.026Z] [runtime-status] [9428] Resolved module firebase-functions {"declared":true,"installed":true,"version":"4.7.0","resolution":"C:\\Users\\User\\Desktop\\Evangadi\\Phase_4\\Amazon clone 1\\amazon-clone\\functions\\node_modules\\firebase-functions\\lib\\v1\\index.js"} {"metadata":{"emulator":{"name":"functions"},"function":{"name":"us-central1-api"},"extension":{},"message":"[runtime-status] [9428] Resolved module firebase-functions {\"declared\":true,\"installed\":true,\"version\":\"4.7.0\",\"resolution\":\"C:\\\\Users\\\\User\\\\Desktop\\\\Evangadi\\\\Phase_4\\\\Amazon clone 1\\\\amazon-clone\\\\functions\\\\node_modules\\\\firebase-functions\\\\lib\\\\v1\\\\index.js\"}"}}
[debug] [2024-02-19T10:39:06.026Z] [runtime-status] [9428] Outgoing network have been stubbed. [{"name":"http","status":"mocked"},{"name":"http","status":"mocked"},{"name":"https","status":"mocked"},{"name":"https","status":"mocked"},{"name":"net","status":"mocked"}] {"metadata":{"emulator":{"name":"functions"},"function":{"name":"us-central1-api"},"extension":{},"message":"[runtime-status] [9428] Outgoing network have been stubbed. [{\"name\":\"http\",\"status\":\"mocked\"},{\"name\":\"http\",\"status\":\"mocked\"},{\"name\":\"https\",\"status\":\"mocked\"},{\"name\":\"https\",\"status\":\"mocked\"},{\"name\":\"net\",\"status\":\"mocked\"}]"}}
[debug] [2024-02-19T10:39:06.027Z] [runtime-status] [9428] Resolved module firebase-functions {"declared":true,"installed":true,"version":"4.7.0","resolution":"C:\\Users\\User\\Desktop\\Evangadi\\Phase_4\\Amazon clone 1\\amazon-clone\\functions\\node_modules\\firebase-functions\\lib\\v1\\index.js"} {"metadata":{"emulator":{"name":"functions"},"function":{"name":"us-central1-api"},"extension":{},"message":"[runtime-status] [9428] Resolved module firebase-functions {\"declared\":true,\"installed\":true,\"version\":\"4.7.0\",\"resolution\":\"C:\\\\Users\\\\User\\\\Desktop\\\\Evangadi\\\\Phase_4\\\\Amazon clone 1\\\\amazon-clone\\\\functions\\\\node_modules\\\\firebase-functions\\\\lib\\\\v1\\\\index.js\"}"}}
[debug] [2024-02-19T10:39:06.343Z] [runtime-status] [9428] Checked functions.config() {"config":{}} {"metadata":{"emulator":{"name":"functions"},"function":{"name":"us-central1-api"},"extension":{},"message":"[runtime-status] [9428] Checked functions.config() {\"config\":{}}"}}
[debug] [2024-02-19T10:39:06.344Z] [runtime-status] [9428] firebase-functions has been stubbed. {"functionsResolution":{"declared":true,"installed":true,"version":"4.7.0","resolution":"C:\\Users\\User\\Desktop\\Evangadi\\Phase_4\\Amazon clone 1\\amazon-clone\\functions\\node_modules\\firebase-functions\\lib\\v1\\index.js"}} {"metadata":{"emulator":{"name":"functions"},"function":{"name":"us-central1-api"},"extension":{},"message":"[runtime-status] [9428] firebase-functions has been stubbed. {\"functionsResolution\":{\"declared\":true,\"installed\":true,\"version\":\"4.7.0\",\"resolution\":\"C:\\\\Users\\\\User\\\\Desktop\\\\Evangadi\\\\Phase_4\\\\Amazon clone 1\\\\amazon-clone\\\\functions\\\\node_modules\\\\firebase-functions\\\\lib\\\\v1\\\\index.js\"}}"}}
[debug] [2024-02-19T10:39:06.344Z] [runtime-status] [9428] Resolved module firebase-functions {"declared":true,"installed":true,"version":"4.7.0","resolution":"C:\\Users\\User\\Desktop\\Evangadi\\Phase_4\\Amazon clone 1\\amazon-clone\\functions\\node_modules\\firebase-functions\\lib\\v1\\index.js"} {"metadata":{"emulator":{"name":"functions"},"function":{"name":"us-central1-api"},"extension":{},"message":"[runtime-status] [9428] Resolved module firebase-functions {\"declared\":true,\"installed\":true,\"version\":\"4.7.0\",\"resolution\":\"C:\\\\Users\\\\User\\\\Desktop\\\\Evangadi\\\\Phase_4\\\\Amazon clone 1\\\\amazon-clone\\\\functions\\\\node_modules\\\\firebase-functions\\\\lib\\\\v1\\\\index.js\"}"}}
[debug] [2024-02-19T10:39:06.345Z] [runtime-status] [9428] Resolved module firebase-admin {"declared":true,"installed":true,"version":"11.11.1","resolution":"C:\\Users\\User\\Desktop\\Evangadi\\Phase_4\\Amazon clone 1\\amazon-clone\\functions\\node_modules\\firebase-admin\\lib\\index.js"} {"metadata":{"emulator":{"name":"functions"},"function":{"name":"us-central1-api"},"extension":{},"message":"[runtime-status] [9428] Resolved module firebase-admin {\"declared\":true,\"installed\":true,\"version\":\"11.11.1\",\"resolution\":\"C:\\\\Users\\\\User\\\\Desktop\\\\Evangadi\\\\Phase_4\\\\Amazon clone 1\\\\amazon-clone\\\\functions\\\\node_modules\\\\firebase-admin\\\\lib\\\\index.js\"}"}}
[debug] [2024-02-19T10:39:06.348Z] [runtime-status] [9428] Resolved module firebase-functions {"declared":true,"installed":true,"version":"4.7.0","resolution":"C:\\Users\\User\\Desktop\\Evangadi\\Phase_4\\Amazon clone 1\\amazon-clone\\functions\\node_modules\\firebase-functions\\lib\\v1\\index.js"} {"metadata":{"emulator":{"name":"functions"},"function":{"name":"us-central1-api"},"extension":{},"message":"[runtime-status] [9428] Resolved module firebase-functions {\"declared\":true,\"installed\":true,\"version\":\"4.7.0\",\"resolution\":\"C:\\\\Users\\\\User\\\\Desktop\\\\Evangadi\\\\Phase_4\\\\Amazon clone 1\\\\amazon-clone\\\\functions\\\\node_modules\\\\firebase-functions\\\\lib\\\\v1\\\\index.js\"}"}}
[debug] [2024-02-19T10:39:06.349Z] [runtime-status] [9428] firebase-admin has been stubbed. {"adminResolution":{"declared":true,"installed":true,"version":"11.11.1","resolution":"C:\\Users\\User\\Desktop\\Evangadi\\Phase_4\\Amazon clone 1\\amazon-clone\\functions\\node_modules\\firebase-admin\\lib\\index.js"}} {"metadata":{"emulator":{"name":"functions"},"function":{"name":"us-central1-api"},"extension":{},"message":"[runtime-status] [9428] firebase-admin has been stubbed. {\"adminResolution\":{\"declared\":true,\"installed\":true,\"version\":\"11.11.1\",\"resolution\":\"C:\\\\Users\\\\User\\\\Desktop\\\\Evangadi\\\\Phase_4\\\\Amazon clone 1\\\\amazon-clone\\\\functions\\\\node_modules\\\\firebase-admin\\\\lib\\\\index.js\"}}"}}
[debug] [2024-02-19T10:39:06.575Z] [runtime-status] [9428] Functions runtime initialized. {"cwd":"C:\\Users\\User\\Desktop\\Evangadi\\Phase_4\\Amazon clone 1\\amazon-clone\\functions","node_version":"20.10.0"} {"metadata":{"emulator":{"name":"functions"},"function":{"name":"us-central1-api"},"extension":{},"message":"[runtime-status] [9428] Functions runtime initialized. {\"cwd\":\"C:\\\\Users\\\\User\\\\Desktop\\\\Evangadi\\\\Phase_4\\\\Amazon clone 1\\\\amazon-clone\\\\functions\",\"node_version\":\"20.10.0\"}"}}
[debug] [2024-02-19T10:39:06.575Z] [runtime-status] [9428] Listening to port: \\?\pipe\fire_emu_dff06652d3b2abb1 {"metadata":{"emulator":{"name":"functions"},"function":{"name":"us-central1-api"},"extension":{},"message":"[runtime-status] [9428] Listening to port: \\\\?\\pipe\\fire_emu_dff06652d3b2abb1"}}
[debug] [2024-02-19T10:39:06.625Z] [worker-us-central1-api-6f79de6e-4140-48ac-9c8a-b9b6cf1b6b5f]: IDLE {"metadata":{"emulator":{"name":"functions"},"function":{"name":"us-central1-api"},"extension":{},"message":"[worker-us-central1-api-6f79de6e-4140-48ac-9c8a-b9b6cf1b6b5f]: IDLE"}}
[debug] [2024-02-19T10:39:06.625Z] [worker-pool] submitRequest(triggerId=us-central1-api) {"metadata":{"emulator":{"name":"functions"},"message":"[worker-pool] submitRequest(triggerId=us-central1-api)"}}
[info] i  functions: Beginning execution of "us-central1-api" {"metadata":{"emulator":{"name":"functions"},"function":{"name":"us-central1-api"},"extension":{},"message":"Beginning execution of \"us-central1-api\""}}
[debug] [2024-02-19T10:39:06.626Z] [worker-us-central1-api-6f79de6e-4140-48ac-9c8a-b9b6cf1b6b5f]: BUSY {"metadata":{"emulator":{"name":"functions"},"function":{"name":"us-central1-api"},"extension":{},"message":"[worker-us-central1-api-6f79de6e-4140-48ac-9c8a-b9b6cf1b6b5f]: BUSY"}}
[debug] [2024-02-19T10:39:07.901Z] Finishing up request with event=pause {"metadata":{"emulator":{"name":"functions"},"function":{"name":"us-central1-api"},"extension":{},"message":"Finishing up request with event=pause"}}
[info] i  functions: Finished "us-central1-api" in 1275.6475ms {"metadata":{"emulator":{"name":"functions"},"function":{"name":"us-central1-api"},"extension":{},"message":"Finished \"us-central1-api\" in 1275.6475ms"}}
[debug] [2024-02-19T10:39:07.903Z] [worker-us-central1-api-6f79de6e-4140-48ac-9c8a-b9b6cf1b6b5f]: IDLE {"metadata":{"emulator":{"name":"functions"},"function":{"name":"us-central1-api"},"extension":{},"message":"[worker-us-central1-api-6f79de6e-4140-48ac-9c8a-b9b6cf1b6b5f]: IDLE"}}
[debug] [2024-02-19T10:39:07.903Z] Finishing up request with event=finish {"metadata":{"emulator":{"name":"functions"},"function":{"name":"us-central1-api"},"extension":{},"message":"Finishing up request with event=finish"}}
[debug] [2024-02-19T10:39:07.903Z] Finishing up request with event=close {"metadata":{"emulator":{"name":"functions"},"function":{"name":"us-central1-api"},"extension":{},"message":"Finishing up request with event=close"}}
[debug] [2024-02-19T10:39:07.903Z] [work-queue] {"queuedWork":[],"queueLength":0,"runningWork":[],"workRunningCount":0}
